<?xml version="1.0" encoding="UTF-8"?>
<!-- Generated by org.testng.reporters.JUnitXMLReporter -->
<testsuite hostname="JP-MAINPC" ignored="0" name="Test" tests="3" failures="0" timestamp="24 Mar 2017 14:57:22 GMT" time="33.924" errors="0">
  <testcase name="testVerifyProductVersion" time="9.185" classname="script.VerifyProductVersion"/>
  <testcase name="invalidLogin" time="11.386" classname="script.InvalidLogin"/>
  <testcase name="testValidLoginLogout" time="3.913" classname="script.ValidLoginLogout"/>
</testsuite> <!-- Test -->
